# JRE version: Java(TM) SE Runtime Environment (8.0_241-b07) (build 1.8.0_241-b07)
# Java VM: Java HotSpot(TM) 64-Bit Server VM (25.241-b07 mixed mode windows-amd64 compressed oops)
Heap:
 PSYoungGen      total 55296K, used 36380K [0x00000000eb400000, 0x00000000f0180000, 0x0000000100000000)
  eden space 49664K, 62% used [0x00000000eb400000,0x00000000ed247b50,0x00000000ee480000)
  from space 5632K, 95% used [0x00000000ee480000,0x00000000ee9bf720,0x00000000eea00000)
  to   space 6144K, 0% used [0x00000000efb80000,0x00000000efb80000,0x00000000f0180000)
 ParOldGen       total 28672K, used 6353K [0x00000000c1c00000, 0x00000000c3800000, 0x00000000eb400000)
  object space 28672K, 22% used [0x00000000c1c00000,0x00000000c22345f8,0x00000000c3800000)
 Metaspace       used 25125K, capacity 26670K, committed 26752K, reserved 1073152K
  class space    used 3371K, capacity 3683K, committed 3712K, reserved 1048576K
GC Heap History (10 events):
Event: 4.510 GC heap before
{Heap before GC invocations=8 (full 0):
 PSYoungGen      total 22016K, used 20175K [0x00000000eb400000, 0x00000000edf00000, 0x0000000100000000)
  eden space 16384K, 100% used [0x00000000eb400000,0x00000000ec400000,0x00000000ec400000)
  from space 5632K, 67% used [0x00000000ec400000,0x00000000ec7b3f30,0x00000000ec980000)
  to   space 5632K, 0% used [0x00000000ed980000,0x00000000ed980000,0x00000000edf00000)
 ParOldGen       total 44032K, used 5897K [0x00000000c1c00000, 0x00000000c4700000, 0x00000000eb400000)
  object space 44032K, 13% used [0x00000000c1c00000,0x00000000c21c27b8,0x00000000c4700000)
 Metaspace       used 19470K, capacity 20838K, committed 21120K, reserved 1067008K
  class space    used 2607K, capacity 2892K, committed 2944K, reserved 1048576K
Event: 4.517 GC heap after
Heap after GC invocations=8 (full 0):
 PSYoungGen      total 38400K, used 3070K [0x00000000eb400000, 0x00000000edf00000, 0x0000000100000000)
  eden space 32768K, 0% used [0x00000000eb400000,0x00000000eb400000,0x00000000ed400000)
  from space 5632K, 54% used [0x00000000ed980000,0x00000000edc7f888,0x00000000edf00000)
  to   space 5632K, 0% used [0x00000000ed400000,0x00000000ed400000,0x00000000ed980000)
 ParOldGen       total 44032K, used 6813K [0x00000000c1c00000, 0x00000000c4700000, 0x00000000eb400000)
  object space 44032K, 15% used [0x00000000c1c00000,0x00000000c22a7788,0x00000000c4700000)
 Metaspace       used 19470K, capacity 20838K, committed 21120K, reserved 1067008K
  class space    used 2607K, capacity 2892K, committed 2944K, reserved 1048576K
}
Event: 4.566 GC heap before
{Heap before GC invocations=9 (full 0):
 PSYoungGen      total 38400K, used 6422K [0x00000000eb400000, 0x00000000edf00000, 0x0000000100000000)
  eden space 32768K, 10% used [0x00000000eb400000,0x00000000eb7462c0,0x00000000ed400000)
  from space 5632K, 54% used [0x00000000ed980000,0x00000000edc7f888,0x00000000edf00000)
  to   space 5632K, 0% used [0x00000000ed400000,0x00000000ed400000,0x00000000ed980000)
 ParOldGen       total 44032K, used 6813K [0x00000000c1c00000, 0x00000000c4700000, 0x00000000eb400000)
  object space 44032K, 15% used [0x00000000c1c00000,0x00000000c22a7788,0x00000000c4700000)
 Metaspace       used 19873K, capacity 21266K, committed 21296K, reserved 1067008K
  class space    used 2664K, capacity 2929K, committed 2944K, reserved 1048576K
Event: 4.570 GC heap after
Heap after GC invocations=9 (full 0):
 PSYoungGen      total 38400K, used 1184K [0x00000000eb400000, 0x00000000ef280000, 0x0000000100000000)
  eden space 32768K, 0% used [0x00000000eb400000,0x00000000eb400000,0x00000000ed400000)
  from space 5632K, 21% used [0x00000000ed400000,0x00000000ed528000,0x00000000ed980000)
  to   space 5632K, 0% used [0x00000000eed00000,0x00000000eed00000,0x00000000ef280000)
 ParOldGen       total 44032K, used 7880K [0x00000000c1c00000, 0x00000000c4700000, 0x00000000eb400000)
  object space 44032K, 17% used [0x00000000c1c00000,0x00000000c23b2200,0x00000000c4700000)
 Metaspace       used 19873K, capacity 21266K, committed 21296K, reserved 1067008K
  class space    used 2664K, capacity 2929K, committed 2944K, reserved 1048576K
}
Event: 4.570 GC heap before
{Heap before GC invocations=10 (full 1):
 PSYoungGen      total 38400K, used 1184K [0x00000000eb400000, 0x00000000ef280000, 0x0000000100000000)
  eden space 32768K, 0% used [0x00000000eb400000,0x00000000eb400000,0x00000000ed400000)
  from space 5632K, 21% used [0x00000000ed400000,0x00000000ed528000,0x00000000ed980000)
  to   space 5632K, 0% used [0x00000000eed00000,0x00000000eed00000,0x00000000ef280000)
 ParOldGen       total 44032K, used 7880K [0x00000000c1c00000, 0x00000000c4700000, 0x00000000eb400000)
  object space 44032K, 17% used [0x00000000c1c00000,0x00000000c23b2200,0x00000000c4700000)
 Metaspace       used 19873K, capacity 21266K, committed 21296K, reserved 1067008K
  class space    used 2664K, capacity 2929K, committed 2944K, reserved 1048576K
Event: 4.620 GC heap after
Heap after GC invocations=10 (full 1):
 PSYoungGen      total 38400K, used 0K [0x00000000eb400000, 0x00000000ef280000, 0x0000000100000000)
  eden space 32768K, 0% used [0x00000000eb400000,0x00000000eb400000,0x00000000ed400000)
  from space 5632K, 0% used [0x00000000ed400000,0x00000000ed400000,0x00000000ed980000)
  to   space 5632K, 0% used [0x00000000eed00000,0x00000000eed00000,0x00000000ef280000)
 ParOldGen       total 28672K, used 5473K [0x00000000c1c00000, 0x00000000c3800000, 0x00000000eb400000)
  object space 28672K, 19% used [0x00000000c1c00000,0x00000000c21585f8,0x00000000c3800000)
 Metaspace       used 19873K, capacity 21266K, committed 21296K, reserved 1067008K
  class space    used 2664K, capacity 2929K, committed 2944K, reserved 1048576K
}
Event: 4.991 GC heap before
{Heap before GC invocations=11 (full 1):
 PSYoungGen      total 38400K, used 32768K [0x00000000eb400000, 0x00000000ef280000, 0x0000000100000000)
  eden space 32768K, 100% used [0x00000000eb400000,0x00000000ed400000,0x00000000ed400000)
  from space 5632K, 0% used [0x00000000ed400000,0x00000000ed400000,0x00000000ed980000)
  to   space 5632K, 0% used [0x00000000eed00000,0x00000000eed00000,0x00000000ef280000)
 ParOldGen       total 28672K, used 5473K [0x00000000c1c00000, 0x00000000c3800000, 0x00000000eb400000)
  object space 28672K, 19% used [0x00000000c1c00000,0x00000000c21585f8,0x00000000c3800000)
 Metaspace       used 21042K, capacity 22480K, committed 22656K, reserved 1069056K
  class space    used 2908K, capacity 3198K, committed 3200K, reserved 1048576K
Event: 4.996 GC heap after
Heap after GC invocations=11 (full 1):
 PSYoungGen      total 49664K, used 2050K [0x00000000eb400000, 0x00000000eef80000, 0x0000000100000000)
  eden space 47104K, 0% used [0x00000000eb400000,0x00000000eb400000,0x00000000ee200000)
  from space 2560K, 80% used [0x00000000eed00000,0x00000000eef00a28,0x00000000eef80000)
  to   space 5632K, 0% used [0x00000000ee480000,0x00000000ee480000,0x00000000eea00000)
 ParOldGen       total 28672K, used 5481K [0x00000000c1c00000, 0x00000000c3800000, 0x00000000eb400000)
  object space 28672K, 19% used [0x00000000c1c00000,0x00000000c215a5f8,0x00000000c3800000)
 Metaspace       used 21042K, capacity 22480K, committed 22656K, reserved 1069056K
  class space    used 2908K, capacity 3198K, committed 3200K, reserved 1048576K
}
Event: 5.541 GC heap before
{Heap before GC invocations=12 (full 1):
 PSYoungGen      total 49664K, used 49154K [0x00000000eb400000, 0x00000000eef80000, 0x0000000100000000)
  eden space 47104K, 100% used [0x00000000eb400000,0x00000000ee200000,0x00000000ee200000)
  from space 2560K, 80% used [0x00000000eed00000,0x00000000eef00a28,0x00000000eef80000)
  to   space 5632K, 0% used [0x00000000ee480000,0x00000000ee480000,0x00000000eea00000)
 ParOldGen       total 28672K, used 5481K [0x00000000c1c00000, 0x00000000c3800000, 0x00000000eb400000)
  object space 28672K, 19% used [0x00000000c1c00000,0x00000000c215a5f8,0x00000000c3800000)
 Metaspace       used 23742K, capacity 25270K, committed 25600K, reserved 1071104K
  class space    used 3180K, capacity 3483K, committed 3584K, reserved 1048576K
Event: 5.551 GC heap after
Heap after GC invocations=12 (full 1):
 PSYoungGen      total 55296K, used 5373K [0x00000000eb400000, 0x00000000f0180000, 0x0000000100000000)
  eden space 49664K, 0% used [0x00000000eb400000,0x00000000eb400000,0x00000000ee480000)
  from space 5632K, 95% used [0x00000000ee480000,0x00000000ee9bf720,0x00000000eea00000)
  to   space 6144K, 0% used [0x00000000efb80000,0x00000000efb80000,0x00000000f0180000)
 ParOldGen       total 28672K, used 6353K [0x00000000c1c00000, 0x00000000c3800000, 0x00000000eb400000)
  object space 28672K, 22% used [0x00000000c1c00000,0x00000000c22345f8,0x00000000c3800000)
 Metaspace       used 23742K, capacity 25270K, committed 25600K, reserved 1071104K
  class space    used 3180K, capacity 3483K, committed 3584K, reserved 1048576K
}

